{"C:\\Users\\chris\\Desktop\\Workspace\\unit-test\\src\\components\\HelloWorld.vue": {"path":"C:\\Users\\chris\\Desktop\\Workspace\\unit-test\\src\\components\\HelloWorld.vue","statementMap":{"0":{"start":{"line":90,"column":0},"end":{"line":null,"column":-1}}},"fnMap":{"0":{"name":"data","decl":{"start":{"line":89,"column":0},"end":{"line":null,"column":-1}},"loc":{"start":{"line":89,"column":0},"end":{"line":93,"column":0}}}},"branchMap":{},"s":{"0":0},"f":{"0":0},"b":{}}
,"C:\\Users\\chris\\Desktop\\Workspace\\unit-test\\src\\components\\RippleCounter.vue": {"path":"C:\\Users\\chris\\Desktop\\Workspace\\unit-test\\src\\components\\RippleCounter.vue","statementMap":{"0":{"start":{"line":16,"column":0},"end":{"line":null,"column":-1}},"1":{"start":{"line":19,"column":0},"end":{"line":null,"column":-1}},"2":{"start":{"line":20,"column":0},"end":{"line":null,"column":-1}},"3":{"start":{"line":21,"column":0},"end":{"line":null,"column":-1}}},"fnMap":{"0":{"name":"data","decl":{"start":{"line":15,"column":0},"end":{"line":null,"column":-1}},"loc":{"start":{"line":15,"column":0},"end":{"line":17,"column":0}}},"1":{"name":"plus","decl":{"start":{"line":19,"column":0},"end":{"line":null,"column":-1}},"loc":{"start":{"line":19,"column":0},"end":{"line":null,"column":-1}}},"2":{"name":"minus","decl":{"start":{"line":20,"column":0},"end":{"line":null,"column":-1}},"loc":{"start":{"line":20,"column":0},"end":{"line":null,"column":-1}}},"3":{"name":"reset","decl":{"start":{"line":21,"column":0},"end":{"line":null,"column":-1}},"loc":{"start":{"line":21,"column":0},"end":{"line":null,"column":-1}}}},"branchMap":{},"s":{"0":2,"1":1,"2":0,"3":0},"f":{"0":2,"1":1,"2":0,"3":0},"b":{}}
}
